2022-04-23 18:41:45,918 INFO  [Log] PASSED 
2022-04-23 18:49:24,485 INFO  [Log] Başarılı 
2022-04-23 18:58:19,562 INFO  [Log] Başarılı 
2022-04-23 19:00:53,920 INFO  [Log] Başarılı 
2022-04-23 19:03:21,175 INFO  [Log] Başarılı 
2022-04-23 19:06:02,228 INFO  [Log] Başarılı 
2022-04-24 15:29:44,807 INFO  [Log] Başarılı 
2022-04-24 17:08:42,559 INFO  [Log] Başarılı 
2022-04-24 17:10:33,464 INFO  [Log] Başarılı 
2022-04-24 17:15:44,927 INFO  [Log] Başarılı 
2022-04-24 17:18:50,557 INFO  [Log] Başarılı 
2022-04-24 17:32:06,171 INFO  [Log] Başarılı 
2022-04-24 17:34:17,210 INFO  [Log] Başarılı 
2022-04-24 17:38:41,063 INFO  [Log] Başarılı 
2022-04-24 17:40:03,088 INFO  [Log] Başarılı 
2022-04-24 17:41:13,284 INFO  [Log] Başarılı 
2022-04-24 17:42:31,777 INFO  [Log] Başarılı 
2022-04-24 17:47:07,498 INFO  [Log] Başarılı 
2022-04-24 17:50:18,522 INFO  [Log] Başarılı 
2022-04-24 17:52:37,398 INFO  [Log] Başarılı 
2022-04-24 17:58:09,006 INFO  [Log] Başarılı 
2022-04-24 18:00:18,338 INFO  [Log] Başarılı 
2022-04-24 18:01:46,413 INFO  [Log] Başarılı 
2022-04-24 18:06:25,957 INFO  [Log] Seçilen Ürün ile Sepete Eklenen Ürünü Aynı 
2022-04-24 18:09:19,834 INFO  [Log] Seçilen Ürün ile Sepete Eklenen Ürünü Aynı 
2022-04-24 18:12:13,769 INFO  [Log] Seçilen Ürün ile Sepete Eklenen Ürünü Aynı 
2022-04-24 18:12:19,003 INFO  [Log] Seçilen Ürün ile Sepete Tutarı Aynı 
2022-04-24 18:13:37,638 INFO  [Log] Seçilen Ürün ile Sepete Eklenen Ürünü Aynı 
2022-04-24 18:17:56,040 INFO  [Log] Seçilen Ürün ile Sepete Eklenen Ürünü Aynı 
2022-04-24 18:18:25,491 INFO  [Log] Seçilen Ürün ile Sepet Tutarı Aynı 
2022-04-24 18:23:27,224 INFO  [Log] Seçilen Ürün ile Sepete Eklenen Ürün Aynı 
2022-05-06 13:00:21,467 INFO  [Log] Seçilen Ürün ile Sepete Eklenen Ürün Aynı 
2022-05-06 13:00:29,093 INFO  [Log] Seçilen Ürün ile Sepete Eklenen Ürün Aynı 
2022-05-06 13:01:29,722 INFO  [Log] Seçilen Ürün ile Sepete Eklenen Ürün Aynı 
